<?xml version="1.0" encoding="UTF-8"?>
<persistence version="2.0" xmlns="http://java.sun.com/xml/ns/persistence" xmlns:xsi="http://www.w3.org/2001/XMLSchema-instance"
	xsi:schemaLocation="http://java.sun.com/xml/ns/persistence http://java.sun.com/xml/ns/persistence/persistence_2_0.xsd">
	<persistence-unit name="test" transaction-type="JTA">
		<jta-data-source>jdbc/arquillian</jta-data-source>
		<properties>
			<!-- drop-and-create-tables : none-->
			<property name="eclipselink.ddl-generation" value="none" />
			<property name="eclipselink.logging.level" value="off" />
			<property name="eclipselink.logging.level.sql" value="off" />
			<property name="eclipselink.logging.parameters" value="true" />
			
			<property name="eclipselink.jdbc.batch-writing" value="jdbc" />
			<property name="eclipselink.jdbc.batch-writing.size" value="1000"/>
			<property name="eclipselink.cache.shared.default" value="false"/>
			
		</properties>
	</persistence-unit>
</persistence>